2013-05-05 20:19:06,874 - SimpleLog4JLogSystem initialized using logfile 'velocity.log'
2013-05-05 20:19:06,875 - ************************************************************** 
2013-05-05 20:19:06,875 - Starting Jakarta Velocity v1.4
2013-05-05 20:19:06,876 - RuntimeInstance initializing.
2013-05-05 20:19:06,876 - Default Properties File: org\apache\velocity\runtime\defaults\velocity.properties
2013-05-05 20:19:06,876 - Trying to use logger class org.apache.velocity.runtime.log.SimpleLog4JLogSystem
2013-05-05 20:19:06,876 - Using logger class org.apache.velocity.runtime.log.SimpleLog4JLogSystem
2013-05-05 20:19:06,884 - Default ResourceManager initializing. (class org.apache.velocity.runtime.resource.ResourceManagerImpl)
2013-05-05 20:19:06,892 - Resource Loader Instantiated: org.apache.velocity.runtime.resource.loader.ClasspathResourceLoader
2013-05-05 20:19:06,893 - ClasspathResourceLoader : initialization starting.
2013-05-05 20:19:06,893 - ClasspathResourceLoader : initialization complete.
2013-05-05 20:19:06,900 - ResourceCache : initialized. (class org.apache.velocity.runtime.resource.ResourceCacheImpl)
2013-05-05 20:19:06,901 - Default ResourceManager initialization complete.
2013-05-05 20:19:06,905 - Loaded System Directive: org.apache.velocity.runtime.directive.Literal
2013-05-05 20:19:06,910 - Loaded System Directive: org.apache.velocity.runtime.directive.Macro
2013-05-05 20:19:06,917 - Loaded System Directive: org.apache.velocity.runtime.directive.Parse
2013-05-05 20:19:06,923 - Loaded System Directive: org.apache.velocity.runtime.directive.Include
2013-05-05 20:19:06,926 - Loaded System Directive: org.apache.velocity.runtime.directive.Foreach
2013-05-05 20:19:07,015 - Created: 20 parsers.
2013-05-05 20:19:07,036 - Velocimacro : initialization starting.
2013-05-05 20:19:07,036 - Velocimacro : adding VMs from VM library template : VM_global_library.vm
2013-05-05 20:19:07,059 - ResourceManager : unable to find resource 'VM_global_library.vm' in any resource loader.
2013-05-05 20:19:07,060 - Velocimacro : error using  VM library template VM_global_library.vm : org.apache.velocity.exception.ResourceNotFoundException: Unable to find resource 'VM_global_library.vm'
2013-05-05 20:19:07,060 - Velocimacro :  VM library template macro registration complete.
2013-05-05 20:19:07,060 - Velocimacro : allowInline = true : VMs can be defined inline in templates
2013-05-05 20:19:07,060 - Velocimacro : allowInlineToOverride = false : VMs defined inline may NOT replace previous VM definitions
2013-05-05 20:19:07,060 - Velocimacro : allowInlineLocal = false : VMs defined inline will be  global in scope if allowed.
2013-05-05 20:19:07,060 - Velocimacro : messages on  : VM system will output logging messages
2013-05-05 20:19:07,060 - Velocimacro : autoload off  : VM system will not automatically reload global library macros
2013-05-05 20:19:07,060 - Velocimacro : initialization complete.
2013-05-05 20:19:07,060 - Velocity successfully started.
2013-05-05 21:23:24,486 - SimpleLog4JLogSystem initialized using logfile 'velocity.log'
2013-05-05 21:23:24,487 - ************************************************************** 
2013-05-05 21:23:24,487 - Starting Jakarta Velocity v1.4
2013-05-05 21:23:24,487 - RuntimeInstance initializing.
2013-05-05 21:23:24,487 - Default Properties File: org\apache\velocity\runtime\defaults\velocity.properties
2013-05-05 21:23:24,487 - Trying to use logger class org.apache.velocity.runtime.log.SimpleLog4JLogSystem
2013-05-05 21:23:24,488 - Using logger class org.apache.velocity.runtime.log.SimpleLog4JLogSystem
2013-05-05 21:23:24,496 - Default ResourceManager initializing. (class org.apache.velocity.runtime.resource.ResourceManagerImpl)
2013-05-05 21:23:24,504 - Resource Loader Instantiated: org.apache.velocity.runtime.resource.loader.ClasspathResourceLoader
2013-05-05 21:23:24,504 - ClasspathResourceLoader : initialization starting.
2013-05-05 21:23:24,504 - ClasspathResourceLoader : initialization complete.
2013-05-05 21:23:24,513 - ResourceCache : initialized. (class org.apache.velocity.runtime.resource.ResourceCacheImpl)
2013-05-05 21:23:24,513 - Default ResourceManager initialization complete.
2013-05-05 21:23:24,518 - Loaded System Directive: org.apache.velocity.runtime.directive.Literal
2013-05-05 21:23:24,523 - Loaded System Directive: org.apache.velocity.runtime.directive.Macro
2013-05-05 21:23:24,530 - Loaded System Directive: org.apache.velocity.runtime.directive.Parse
2013-05-05 21:23:24,535 - Loaded System Directive: org.apache.velocity.runtime.directive.Include
2013-05-05 21:23:24,538 - Loaded System Directive: org.apache.velocity.runtime.directive.Foreach
2013-05-05 21:23:24,629 - Created: 20 parsers.
2013-05-05 21:23:24,651 - Velocimacro : initialization starting.
2013-05-05 21:23:24,651 - Velocimacro : adding VMs from VM library template : VM_global_library.vm
2013-05-05 21:23:24,674 - ResourceManager : unable to find resource 'VM_global_library.vm' in any resource loader.
2013-05-05 21:23:24,675 - Velocimacro : error using  VM library template VM_global_library.vm : org.apache.velocity.exception.ResourceNotFoundException: Unable to find resource 'VM_global_library.vm'
2013-05-05 21:23:24,675 - Velocimacro :  VM library template macro registration complete.
2013-05-05 21:23:24,675 - Velocimacro : allowInline = true : VMs can be defined inline in templates
2013-05-05 21:23:24,675 - Velocimacro : allowInlineToOverride = false : VMs defined inline may NOT replace previous VM definitions
2013-05-05 21:23:24,675 - Velocimacro : allowInlineLocal = false : VMs defined inline will be  global in scope if allowed.
2013-05-05 21:23:24,675 - Velocimacro : messages on  : VM system will output logging messages
2013-05-05 21:23:24,675 - Velocimacro : autoload off  : VM system will not automatically reload global library macros
2013-05-05 21:23:24,676 - Velocimacro : initialization complete.
2013-05-05 21:23:24,676 - Velocity successfully started.
2013-05-05 21:28:08,744 - SimpleLog4JLogSystem initialized using logfile 'velocity.log'
2013-05-05 21:28:08,745 - ************************************************************** 
2013-05-05 21:28:08,745 - Starting Jakarta Velocity v1.4
2013-05-05 21:28:08,745 - RuntimeInstance initializing.
2013-05-05 21:28:08,745 - Default Properties File: org\apache\velocity\runtime\defaults\velocity.properties
2013-05-05 21:28:08,745 - Trying to use logger class org.apache.velocity.runtime.log.SimpleLog4JLogSystem
2013-05-05 21:28:08,745 - Using logger class org.apache.velocity.runtime.log.SimpleLog4JLogSystem
2013-05-05 21:28:08,755 - Default ResourceManager initializing. (class org.apache.velocity.runtime.resource.ResourceManagerImpl)
2013-05-05 21:28:08,762 - Resource Loader Instantiated: org.apache.velocity.runtime.resource.loader.ClasspathResourceLoader
2013-05-05 21:28:08,762 - ClasspathResourceLoader : initialization starting.
2013-05-05 21:28:08,763 - ClasspathResourceLoader : initialization complete.
2013-05-05 21:28:08,771 - ResourceCache : initialized. (class org.apache.velocity.runtime.resource.ResourceCacheImpl)
2013-05-05 21:28:08,771 - Default ResourceManager initialization complete.
2013-05-05 21:28:08,775 - Loaded System Directive: org.apache.velocity.runtime.directive.Literal
2013-05-05 21:28:08,781 - Loaded System Directive: org.apache.velocity.runtime.directive.Macro
2013-05-05 21:28:08,790 - Loaded System Directive: org.apache.velocity.runtime.directive.Parse
2013-05-05 21:28:08,797 - Loaded System Directive: org.apache.velocity.runtime.directive.Include
2013-05-05 21:28:08,800 - Loaded System Directive: org.apache.velocity.runtime.directive.Foreach
2013-05-05 21:28:08,892 - Created: 20 parsers.
2013-05-05 21:28:08,913 - Velocimacro : initialization starting.
2013-05-05 21:28:08,913 - Velocimacro : adding VMs from VM library template : VM_global_library.vm
2013-05-05 21:28:08,936 - ResourceManager : unable to find resource 'VM_global_library.vm' in any resource loader.
2013-05-05 21:28:08,936 - Velocimacro : error using  VM library template VM_global_library.vm : org.apache.velocity.exception.ResourceNotFoundException: Unable to find resource 'VM_global_library.vm'
2013-05-05 21:28:08,936 - Velocimacro :  VM library template macro registration complete.
2013-05-05 21:28:08,936 - Velocimacro : allowInline = true : VMs can be defined inline in templates
2013-05-05 21:28:08,936 - Velocimacro : allowInlineToOverride = false : VMs defined inline may NOT replace previous VM definitions
2013-05-05 21:28:08,937 - Velocimacro : allowInlineLocal = false : VMs defined inline will be  global in scope if allowed.
2013-05-05 21:28:08,937 - Velocimacro : messages on  : VM system will output logging messages
2013-05-05 21:28:08,937 - Velocimacro : autoload off  : VM system will not automatically reload global library macros
2013-05-05 21:28:08,937 - Velocimacro : initialization complete.
2013-05-05 21:28:08,937 - Velocity successfully started.
2013-05-05 21:32:26,974 - SimpleLog4JLogSystem initialized using logfile 'velocity.log'
2013-05-05 21:32:26,974 - ************************************************************** 
2013-05-05 21:32:26,975 - Starting Jakarta Velocity v1.4
2013-05-05 21:32:26,975 - RuntimeInstance initializing.
2013-05-05 21:32:26,975 - Default Properties File: org\apache\velocity\runtime\defaults\velocity.properties
2013-05-05 21:32:26,975 - Trying to use logger class org.apache.velocity.runtime.log.SimpleLog4JLogSystem
2013-05-05 21:32:26,975 - Using logger class org.apache.velocity.runtime.log.SimpleLog4JLogSystem
2013-05-05 21:32:26,985 - Default ResourceManager initializing. (class org.apache.velocity.runtime.resource.ResourceManagerImpl)
2013-05-05 21:32:26,993 - Resource Loader Instantiated: org.apache.velocity.runtime.resource.loader.ClasspathResourceLoader
2013-05-05 21:32:26,994 - ClasspathResourceLoader : initialization starting.
2013-05-05 21:32:26,994 - ClasspathResourceLoader : initialization complete.
2013-05-05 21:32:27,002 - ResourceCache : initialized. (class org.apache.velocity.runtime.resource.ResourceCacheImpl)
2013-05-05 21:32:27,002 - Default ResourceManager initialization complete.
2013-05-05 21:32:27,007 - Loaded System Directive: org.apache.velocity.runtime.directive.Literal
2013-05-05 21:32:27,012 - Loaded System Directive: org.apache.velocity.runtime.directive.Macro
2013-05-05 21:32:27,020 - Loaded System Directive: org.apache.velocity.runtime.directive.Parse
2013-05-05 21:32:27,026 - Loaded System Directive: org.apache.velocity.runtime.directive.Include
2013-05-05 21:32:27,029 - Loaded System Directive: org.apache.velocity.runtime.directive.Foreach
2013-05-05 21:32:27,121 - Created: 20 parsers.
2013-05-05 21:32:27,142 - Velocimacro : initialization starting.
2013-05-05 21:32:27,142 - Velocimacro : adding VMs from VM library template : VM_global_library.vm
2013-05-05 21:32:27,165 - ResourceManager : unable to find resource 'VM_global_library.vm' in any resource loader.
2013-05-05 21:32:27,165 - Velocimacro : error using  VM library template VM_global_library.vm : org.apache.velocity.exception.ResourceNotFoundException: Unable to find resource 'VM_global_library.vm'
2013-05-05 21:32:27,165 - Velocimacro :  VM library template macro registration complete.
2013-05-05 21:32:27,166 - Velocimacro : allowInline = true : VMs can be defined inline in templates
2013-05-05 21:32:27,166 - Velocimacro : allowInlineToOverride = false : VMs defined inline may NOT replace previous VM definitions
2013-05-05 21:32:27,166 - Velocimacro : allowInlineLocal = false : VMs defined inline will be  global in scope if allowed.
2013-05-05 21:32:27,166 - Velocimacro : messages on  : VM system will output logging messages
2013-05-05 21:32:27,166 - Velocimacro : autoload off  : VM system will not automatically reload global library macros
2013-05-05 21:32:27,166 - Velocimacro : initialization complete.
2013-05-05 21:32:27,166 - Velocity successfully started.
